Using pre-set license
Built from '2020.3/staging' branch; Version is '2020.3.3f1 (76626098c1c4) revision 7758432'; Using compiler version '192528614'; Build Type 'Release'
OS: 'Windows 10 Pro; OS build 19042.1110; Version 2009; 64bit' Language: 'en' Physical Memory: 32719 MB
BatchMode: 1, IsHumanControllingUs: 0, StartBugReporterOnCrash: 0, Is64bit: 1, IsPro: 0

 COMMAND LINE ARGUMENTS:
C:\Program Files\Unity\Hub\Editor\2020.3.3f1\Editor\Unity.exe
-adb2
-batchMode
-noUpm
-name
AssetImportWorker0
-projectPath
E:/Unity/TEST
-logFile
Logs/AssetImportWorker0.log
-srvPort
58998
Successfully changed project path to: E:/Unity/TEST
E:/Unity/TEST
Using Asset Import Pipeline V2.
Refreshing native plugins compatible for Editor in 44.46 ms, found 1 plugins.
Preloading 0 native plugins for Editor in 0.00 ms.
Initialize engine version: 2020.3.3f1 (76626098c1c4)
[Subsystems] Discovering subsystems at path C:/Program Files/Unity/Hub/Editor/2020.3.3f1/Editor/Data/Resources/UnitySubsystems
[Subsystems] Discovering subsystems at path E:/Unity/TEST/Assets
GfxDevice: creating device client; threaded=0
Direct3D:
    Version:  Direct3D 11.0 [level 11.1]
    Renderer: NVIDIA GeForce RTX 2080 (ID=0x1e87)
    Vendor:   
    VRAM:     8010 MB
    Driver:   27.21.14.6611
Initialize mono
Mono path[0] = 'C:/Program Files/Unity/Hub/Editor/2020.3.3f1/Editor/Data/Managed'
Mono path[1] = 'C:/Program Files/Unity/Hub/Editor/2020.3.3f1/Editor/Data/MonoBleedingEdge/lib/mono/unityjit'
Mono config path = 'C:/Program Files/Unity/Hub/Editor/2020.3.3f1/Editor/Data/MonoBleedingEdge/etc'
Using monoOptions --debugger-agent=transport=dt_socket,embedding=1,server=y,suspend=n,address=127.0.0.1:56984
Begin MonoManager ReloadAssembly
Registering precompiled unity dll's ...
Register platform support module: C:/Program Files/Unity/Hub/Editor/2020.3.3f1/Editor/Data/PlaybackEngines/WebGLSupport/UnityEditor.WebGL.Extensions.dll
Register platform support module: C:/Program Files/Unity/Hub/Editor/2020.3.3f1/Editor/Data/PlaybackEngines/WindowsStandaloneSupport/UnityEditor.WindowsStandalone.Extensions.dll
Registered in 0.001914 seconds.
Native extension for WindowsStandalone target not found
Native extension for WebGL target not found
Refreshing native plugins compatible for Editor in 31.35 ms, found 1 plugins.
Preloading 0 native plugins for Editor in 0.00 ms.
Invoked RoslynAnalysisRunner static constructor.
RoslynAnalysisRunner will not be running.
RoslynAnalysisRunner has terminated.
Mono: successfully reloaded assembly
- Completed reload, in  1.000 seconds
Platform modules already initialized, skipping
Registering precompiled user dll's ...
Registered in 0.000598 seconds.
Begin MonoManager ReloadAssembly
Native extension for WindowsStandalone target not found
Native extension for WebGL target not found
Refreshing native plugins compatible for Editor in 33.21 ms, found 1 plugins.
Preloading 0 native plugins for Editor in 0.00 ms.
Invoked RoslynAnalysisRunner static constructor.
RoslynAnalysisRunner will not be running.
RoslynAnalysisRunner has terminated.
Mono: successfully reloaded assembly
- Completed reload, in  0.819 seconds
Platform modules already initialized, skipping
========================================================================
Worker process is ready to serve import requests
Switching build target platform(19) subTarget(0) extendedPlatform(0) -> platform(5) subTarget(0) extendedPlatform(0)
Launched and connected shader compiler UnityShaderCompiler.exe after 0.03 seconds
Refreshing native plugins compatible for Editor in 0.49 ms, found 1 plugins.
Preloading 0 native plugins for Editor in 0.00 ms.
Unloading 1869 Unused Serialized files (Serialized files now loaded: 0)
System memory in use before: 88.2 MB.
System memory in use after: 88.2 MB.

Unloading 24 unused Assets to reduce memory usage. Loaded Objects now: 2311.
Total: 1.673300 ms (FindLiveObjects: 0.185800 ms CreateObjectMapping: 0.065100 ms MarkObjects: 1.309900 ms  DeleteObjects: 0.111600 ms)

========================================================================
Received Import Request.
  path: Assets/30232__lg__hits37.wav
  artifactKey: Guid(6cee3864349655643b48424e41a7825c) Importer(815301076,1909f56bfc062723c751e8b465ee728b)
Start importing Assets/30232__lg__hits37.wav using Guid(6cee3864349655643b48424e41a7825c) Importer(815301076,1909f56bfc062723c751e8b465ee728b)  -> (artifact id: '7342a70590c9c6e37d8e9a9834730334') in 0.083240 seconds
  Import took 0.086678 seconds .

========================================================================
Received Import Request.
  Time since last request: 0.000147 seconds.
  path: Assets/enemybuttlet.prefab
  artifactKey: Guid(fe846414a489d5c4eb76304d812de0c4) Importer(815301076,1909f56bfc062723c751e8b465ee728b)
Start importing Assets/enemybuttlet.prefab using Guid(fe846414a489d5c4eb76304d812de0c4) Importer(815301076,1909f56bfc062723c751e8b465ee728b)  -> (artifact id: '0b455fa26b768f27c6697178cbc4ad0b') in 0.027410 seconds
  Import took 0.030024 seconds .

========================================================================
Received Import Request.
  Time since last request: 0.000138 seconds.
  path: Assets/386744__ken788__handgun-reload 1.wav
  artifactKey: Guid(b8ae3fdacb1795943b83bce64888f9e4) Importer(815301076,1909f56bfc062723c751e8b465ee728b)
Start importing Assets/386744__ken788__handgun-reload 1.wav using Guid(b8ae3fdacb1795943b83bce64888f9e4) Importer(815301076,1909f56bfc062723c751e8b465ee728b)  -> (artifact id: 'ad7d0ed43bc51149da843ef0ddc841d1') in 0.008529 seconds
  Import took 0.011015 seconds .

========================================================================
Received Import Request.
  Time since last request: 0.000167 seconds.
  path: Assets/healthpack 1.prefab
  artifactKey: Guid(9a206e8b072fd4b419b82105bb78a248) Importer(815301076,1909f56bfc062723c751e8b465ee728b)
Start importing Assets/healthpack 1.prefab using Guid(9a206e8b072fd4b419b82105bb78a248) Importer(815301076,1909f56bfc062723c751e8b465ee728b)  -> (artifact id: '4e9ebcce195228e1741a8ab8546246eb') in 0.010120 seconds
  Import took 0.013389 seconds .

========================================================================
Received Import Request.
  Time since last request: 0.000163 seconds.
  path: Assets/Edoy - The Plug.mp3
  artifactKey: Guid(b1f0a1b4ddc38db43b75cd8db4a5279f) Importer(815301076,1909f56bfc062723c751e8b465ee728b)
Start importing Assets/Edoy - The Plug.mp3 using Guid(b1f0a1b4ddc38db43b75cd8db4a5279f) Importer(815301076,1909f56bfc062723c751e8b465ee728b)  -> (artifact id: 'e7ca1824a659dec14e71041901641f20') in 0.010535 seconds
  Import took 0.013996 seconds .

========================================================================
Received Import Request.
  Time since last request: 0.000143 seconds.
  path: Assets/gun1v2.prefab
  artifactKey: Guid(499107bebc597464ea3e949c987a047c) Importer(815301076,1909f56bfc062723c751e8b465ee728b)
Start importing Assets/gun1v2.prefab using Guid(499107bebc597464ea3e949c987a047c) Importer(815301076,1909f56bfc062723c751e8b465ee728b)  -> (artifact id: '12db30882840f826fd45cef2a67423bf') in 0.008802 seconds
  Import took 0.011954 seconds .

========================================================================
Received Import Request.
  Time since last request: 0.000151 seconds.
  path: Assets/badguy.prefab
  artifactKey: Guid(3421b22477296944bb2abc18bb604373) Importer(815301076,1909f56bfc062723c751e8b465ee728b)
Start importing Assets/badguy.prefab using Guid(3421b22477296944bb2abc18bb604373) Importer(815301076,1909f56bfc062723c751e8b465ee728b)  -> (artifact id: '1668b2d3d403ff588e2a2c3f1d69cba3') in 0.011653 seconds
  Import took 0.014305 seconds .

========================================================================
Received Import Request.
  Time since last request: 0.000284 seconds.
  path: Assets/mini gun.png
  artifactKey: Guid(33ac7cc86f4aa17459651429bb544d14) Importer(815301076,1909f56bfc062723c751e8b465ee728b)
Start importing Assets/mini gun.png using Guid(33ac7cc86f4aa17459651429bb544d14) Importer(815301076,1909f56bfc062723c751e8b465ee728b)  -> (artifact id: 'ac48ae4d23f432c4d52e7ce2a05f1a3d') in 0.024239 seconds
  Import took 0.026880 seconds .

========================================================================
Received Import Request.
  Time since last request: 0.000145 seconds.
  path: Assets/sgun.prefab
  artifactKey: Guid(bef4a3b25e14eb24a8599c3d762b73b0) Importer(815301076,1909f56bfc062723c751e8b465ee728b)
Start importing Assets/sgun.prefab using Guid(bef4a3b25e14eb24a8599c3d762b73b0) Importer(815301076,1909f56bfc062723c751e8b465ee728b)  -> (artifact id: '8ace402e49d2d24d36b8c17af8041d82') in 0.008324 seconds
  Import took 0.011827 seconds .

========================================================================
Received Import Request.
  Time since last request: 0.000149 seconds.
  path: Assets/blood.png
  artifactKey: Guid(aa8a8e84f60ef2d4395fd4fcd8898a41) Importer(815301076,1909f56bfc062723c751e8b465ee728b)
Start importing Assets/blood.png using Guid(aa8a8e84f60ef2d4395fd4fcd8898a41) Importer(815301076,1909f56bfc062723c751e8b465ee728b)  -> (artifact id: '961ca44ed1985409849a84e7e5ff8ad2') in 0.009375 seconds
  Import took 0.012022 seconds .

========================================================================
Received Import Request.
  Time since last request: 0.000144 seconds.
  path: Assets/Untitled.png
  artifactKey: Guid(f90bd287e4173114095f41d3751af2fd) Importer(815301076,1909f56bfc062723c751e8b465ee728b)
Start importing Assets/Untitled.png using Guid(f90bd287e4173114095f41d3751af2fd) Importer(815301076,1909f56bfc062723c751e8b465ee728b)  -> (artifact id: '67c30d7f0a9773f0e092435816f0fb84') in 0.008444 seconds
  Import took 0.010930 seconds .

========================================================================
Received Import Request.
  Time since last request: 0.000143 seconds.
  path: Assets/sgun.png
  artifactKey: Guid(ea5726e04c7028c49b65a17cbef39880) Importer(815301076,1909f56bfc062723c751e8b465ee728b)
Start importing Assets/sgun.png using Guid(ea5726e04c7028c49b65a17cbef39880) Importer(815301076,1909f56bfc062723c751e8b465ee728b)  -> (artifact id: '3130a56e3b39386954748d46fb556940') in 0.010433 seconds
  Import took 0.013021 seconds .

========================================================================
Received Import Request.
  Time since last request: 0.000138 seconds.
  path: Assets/bullet 1 1.prefab
  artifactKey: Guid(ae83511262448ec4bba26a9f893b282b) Importer(815301076,1909f56bfc062723c751e8b465ee728b)
Start importing Assets/bullet 1 1.prefab using Guid(ae83511262448ec4bba26a9f893b282b) Importer(815301076,1909f56bfc062723c751e8b465ee728b)  -> (artifact id: 'cd5270736a34cdc3149f821fb735d615') in 0.008608 seconds
  Import took 0.011303 seconds .

========================================================================
Received Import Request.
  Time since last request: 0.000144 seconds.
  path: Assets/Scenes
  artifactKey: Guid(7be25b53c6faf1c49acb74c2a09dcea6) Importer(815301076,1909f56bfc062723c751e8b465ee728b)
Start importing Assets/Scenes using Guid(7be25b53c6faf1c49acb74c2a09dcea6) Importer(815301076,1909f56bfc062723c751e8b465ee728b)  -> (artifact id: '918574bb37b5e88ca93492e30ec0d6af') in 0.004317 seconds
  Import took 0.006983 seconds .

========================================================================
Received Import Request.
  Time since last request: 0.000146 seconds.
  path: Assets/healthpack.prefab
  artifactKey: Guid(1d223a59516980b419e4de781b43910b) Importer(815301076,1909f56bfc062723c751e8b465ee728b)
Start importing Assets/healthpack.prefab using Guid(1d223a59516980b419e4de781b43910b) Importer(815301076,1909f56bfc062723c751e8b465ee728b)  -> (artifact id: '506309f3a2a1480ebc9c56d6f0e57c10') in 0.009991 seconds
  Import took 0.013011 seconds .

========================================================================
Received Import Request.
  Time since last request: 0.000145 seconds.
  path: Assets/gun1v2.png
  artifactKey: Guid(9a65de040af36904e9175d7b452c8158) Importer(815301076,1909f56bfc062723c751e8b465ee728b)
Start importing Assets/gun1v2.png using Guid(9a65de040af36904e9175d7b452c8158) Importer(815301076,1909f56bfc062723c751e8b465ee728b)  -> (artifact id: '5a75dc42a5df30e38e43d7db6c92ba07') in 0.009789 seconds
  Import took 0.012210 seconds .

========================================================================
Received Import Request.
  Time since last request: 0.000142 seconds.
  path: Assets/sgun pickup.prefab
  artifactKey: Guid(8310fdf4270f06b48b9dd939589f2e86) Importer(815301076,1909f56bfc062723c751e8b465ee728b)
Start importing Assets/sgun pickup.prefab using Guid(8310fdf4270f06b48b9dd939589f2e86) Importer(815301076,1909f56bfc062723c751e8b465ee728b)  -> (artifact id: '3cf682de1fdbf1b4e5a0c2da127059f9') in 0.007947 seconds
  Import took 0.011078 seconds .

========================================================================
Received Import Request.
  Time since last request: 0.000166 seconds.
  path: Assets/HandGun Pickup.prefab
  artifactKey: Guid(37f8273d113ade44abcbb0f7fdbcbbed) Importer(815301076,1909f56bfc062723c751e8b465ee728b)
Start importing Assets/HandGun Pickup.prefab using Guid(37f8273d113ade44abcbb0f7fdbcbbed) Importer(815301076,1909f56bfc062723c751e8b465ee728b)  -> (artifact id: '04921e51a2b29944ed5531e80adf2112') in 0.008348 seconds
  Import took 0.011514 seconds .

========================================================================
Received Import Request.
  Time since last request: 0.000142 seconds.
  path: Assets/Blood.prefab
  artifactKey: Guid(970f1d8e996609c4f9baf754f85c9f0c) Importer(815301076,1909f56bfc062723c751e8b465ee728b)
Start importing Assets/Blood.prefab using Guid(970f1d8e996609c4f9baf754f85c9f0c) Importer(815301076,1909f56bfc062723c751e8b465ee728b)  -> (artifact id: 'b550b0f28cbfaccbc09d71b794fdec01') in 0.006011 seconds
  Import took 0.009449 seconds .

========================================================================
Received Import Request.
  Time since last request: 0.000137 seconds.
  path: Assets/mini gun 1.prefab
  artifactKey: Guid(ac57052649b57a746b94e0bacab82a1e) Importer(815301076,1909f56bfc062723c751e8b465ee728b)
Start importing Assets/mini gun 1.prefab using Guid(ac57052649b57a746b94e0bacab82a1e) Importer(815301076,1909f56bfc062723c751e8b465ee728b)  -> (artifact id: 'bae5e8fdd80582d900d30f02475b8a81') in 0.008703 seconds
  Import took 0.011426 seconds .

========================================================================
Received Import Request.
  Time since last request: 0.000140 seconds.
  path: Assets/door.prefab
  artifactKey: Guid(0abe4dbc4b175d5419cd05b2bba200b9) Importer(815301076,1909f56bfc062723c751e8b465ee728b)
Start importing Assets/door.prefab using Guid(0abe4dbc4b175d5419cd05b2bba200b9) Importer(815301076,1909f56bfc062723c751e8b465ee728b)  -> (artifact id: 'bb6c0ae7205f2efe690f752bea938c0a') in 0.008896 seconds
  Import took 0.011462 seconds .

========================================================================
Received Import Request.
  Time since last request: 0.000184 seconds.
  path: Assets/mini gun.prefab
  artifactKey: Guid(b743c252607f4e34f9bd339ef21b9f8e) Importer(815301076,1909f56bfc062723c751e8b465ee728b)
Start importing Assets/mini gun.prefab using Guid(b743c252607f4e34f9bd339ef21b9f8e) Importer(815301076,1909f56bfc062723c751e8b465ee728b)  -> (artifact id: 'ba57cf60c30326b0366b3a7f468a4a77') in 0.007636 seconds
  Import took 0.010171 seconds .

========================================================================
Received Import Request.
  Time since last request: 0.000134 seconds.
  path: Assets/move 112x26.png
  artifactKey: Guid(745a5d4608af1004990aaf8b9726cbf3) Importer(815301076,1909f56bfc062723c751e8b465ee728b)
Start importing Assets/move 112x26.png using Guid(745a5d4608af1004990aaf8b9726cbf3) Importer(815301076,1909f56bfc062723c751e8b465ee728b)  -> (artifact id: '568926aa225928bd87e1277963c38131') in 0.010629 seconds
  Import took 0.013137 seconds .

========================================================================
Received Import Request.
  Time since last request: 0.000217 seconds.
  path: Assets/hit sound.prefab
  artifactKey: Guid(8b9bc054f4d297340bfdb7eef9d6661a) Importer(815301076,1909f56bfc062723c751e8b465ee728b)
Start importing Assets/hit sound.prefab using Guid(8b9bc054f4d297340bfdb7eef9d6661a) Importer(815301076,1909f56bfc062723c751e8b465ee728b)  -> (artifact id: '0d336c59498a1b3eb9c22e53974d5b7c') in 0.005527 seconds
  Import took 0.009058 seconds .

========================================================================
Received Import Request.
  Time since last request: 0.000140 seconds.
  path: Assets/shootpoint.prefab
  artifactKey: Guid(75164d738d9339646a765b82841e7452) Importer(815301076,1909f56bfc062723c751e8b465ee728b)
Start importing Assets/shootpoint.prefab using Guid(75164d738d9339646a765b82841e7452) Importer(815301076,1909f56bfc062723c751e8b465ee728b)  -> (artifact id: '6a42b0a85e4fc548f080719ea7fe2f93') in 0.009627 seconds
  Import took 0.012501 seconds .

========================================================================
Received Import Request.
  Time since last request: 0.000178 seconds.
  path: Assets/Unity_GvmBhjwYu5.png
  artifactKey: Guid(4f0716c820b339a409f880d7be9dc33b) Importer(815301076,1909f56bfc062723c751e8b465ee728b)
Start importing Assets/Unity_GvmBhjwYu5.png using Guid(4f0716c820b339a409f880d7be9dc33b) Importer(815301076,1909f56bfc062723c751e8b465ee728b)  -> (artifact id: '1dc2d4298984f7df9077dc467aab4fa0') in 0.011441 seconds
  Import took 0.013948 seconds .

========================================================================
Received Import Request.
  Time since last request: 0.000146 seconds.
  path: Assets/574818__wesleyextreme-gamer__gunshot.ogg
  artifactKey: Guid(ea288517c9d935349a330faadf8a5a7a) Importer(815301076,1909f56bfc062723c751e8b465ee728b)
Start importing Assets/574818__wesleyextreme-gamer__gunshot.ogg using Guid(ea288517c9d935349a330faadf8a5a7a) Importer(815301076,1909f56bfc062723c751e8b465ee728b)  -> (artifact id: '7b07c54c87203b67bf8de8c0a76d2581') in 0.009705 seconds
  Import took 0.012112 seconds .

========================================================================
Received Import Request.
  Time since last request: 0.000149 seconds.
  path: Assets/bullet 1 3.prefab
  artifactKey: Guid(d1c68b1ee4de06e4ea1189f2f21d2857) Importer(815301076,1909f56bfc062723c751e8b465ee728b)
Start importing Assets/bullet 1 3.prefab using Guid(d1c68b1ee4de06e4ea1189f2f21d2857) Importer(815301076,1909f56bfc062723c751e8b465ee728b)  -> (artifact id: 'b956e7dcab017ac84c6cf4002615fbb2') in 0.010710 seconds
  Import took 0.013542 seconds .

========================================================================
Received Import Request.
  Time since last request: 0.000142 seconds.
  path: Assets/bullet 1 2.prefab
  artifactKey: Guid(9a3ebdef8468f4e47950adb0b5c728cc) Importer(815301076,1909f56bfc062723c751e8b465ee728b)
Start importing Assets/bullet 1 2.prefab using Guid(9a3ebdef8468f4e47950adb0b5c728cc) Importer(815301076,1909f56bfc062723c751e8b465ee728b)  -> (artifact id: '647f6f46aa812ba70005bf184e698493') in 0.011257 seconds
  Import took 0.014103 seconds .

========================================================================
Received Import Request.
  Time since last request: 0.000150 seconds.
  path: Assets/444491__breviceps__short-choir.wav
  artifactKey: Guid(55a28da598d1eba4d8036f004d7d14e8) Importer(815301076,1909f56bfc062723c751e8b465ee728b)
Start importing Assets/444491__breviceps__short-choir.wav using Guid(55a28da598d1eba4d8036f004d7d14e8) Importer(815301076,1909f56bfc062723c751e8b465ee728b)  -> (artifact id: '94b2e2b359d32d869235aad18fb16387') in 0.009120 seconds
  Import took 0.011959 seconds .

========================================================================
Received Import Request.
  Time since last request: 0.000149 seconds.
  path: Assets/MNr1cZ.png
  artifactKey: Guid(6607b7243cba09d48baceef04d80cd3c) Importer(815301076,1909f56bfc062723c751e8b465ee728b)
Start importing Assets/MNr1cZ.png using Guid(6607b7243cba09d48baceef04d80cd3c) Importer(815301076,1909f56bfc062723c751e8b465ee728b)  -> (artifact id: '81c98affe1de3603cff23b1803112b21') in 0.010725 seconds
  Import took 0.013296 seconds .

========================================================================
Received Import Request.
  Time since last request: 0.000171 seconds.
  path: Assets/Scenes/level1.unity
  artifactKey: Guid(53797b26d23fcec469e254efc8e3d124) Importer(815301076,1909f56bfc062723c751e8b465ee728b)
Start importing Assets/Scenes/level1.unity using Guid(53797b26d23fcec469e254efc8e3d124) Importer(815301076,1909f56bfc062723c751e8b465ee728b)  -> (artifact id: '1539235fdfa5cf4a411486c9f245dbe6') in 0.006663 seconds
  Import took 0.010854 seconds .

========================================================================
Received Prepare
Refreshing native plugins compatible for Editor in 1.04 ms, found 1 plugins.
Preloading 0 native plugins for Editor in 0.00 ms.
Unloading 10 Unused Serialized files (Serialized files now loaded: 0)
System memory in use before: 54.4 MB.
System memory in use after: 54.3 MB.

Unloading 10 unused Assets to reduce memory usage. Loaded Objects now: 2336.
Total: 1.921800 ms (FindLiveObjects: 0.181300 ms CreateObjectMapping: 0.066700 ms MarkObjects: 1.583300 ms  DeleteObjects: 0.089100 ms)

========================================================================
Received Prepare
Refreshing native plugins compatible for Editor in 1.04 ms, found 1 plugins.
Preloading 0 native plugins for Editor in 0.00 ms.
Unloading 10 Unused Serialized files (Serialized files now loaded: 0)
System memory in use before: 54.4 MB.
System memory in use after: 54.4 MB.

Unloading 10 unused Assets to reduce memory usage. Loaded Objects now: 2336.
Total: 2.172200 ms (FindLiveObjects: 0.371700 ms CreateObjectMapping: 0.132400 ms MarkObjects: 1.576000 ms  DeleteObjects: 0.091100 ms)

========================================================================
Received Prepare
Refreshing native plugins compatible for Editor in 1.06 ms, found 1 plugins.
Preloading 0 native plugins for Editor in 0.00 ms.
Unloading 10 Unused Serialized files (Serialized files now loaded: 0)
System memory in use before: 54.4 MB.
System memory in use after: 54.4 MB.

Unloading 10 unused Assets to reduce memory usage. Loaded Objects now: 2336.
Total: 2.516600 ms (FindLiveObjects: 0.224700 ms CreateObjectMapping: 0.081600 ms MarkObjects: 2.109900 ms  DeleteObjects: 0.098900 ms)

========================================================================
Received Prepare
Refreshing native plugins compatible for Editor in 1.11 ms, found 1 plugins.
Preloading 0 native plugins for Editor in 0.00 ms.
Unloading 10 Unused Serialized files (Serialized files now loaded: 0)
System memory in use before: 54.4 MB.
System memory in use after: 54.4 MB.

Unloading 10 unused Assets to reduce memory usage. Loaded Objects now: 2336.
Total: 2.493400 ms (FindLiveObjects: 0.282500 ms CreateObjectMapping: 0.105100 ms MarkObjects: 2.010700 ms  DeleteObjects: 0.093600 ms)

========================================================================
Received Import Request.
  Time since last request: 673.093754 seconds.
  path: Assets/Scenes/Menu 1.unity
  artifactKey: Guid(f96c19fb54fa6ff4699418b39d3cdbf5) Importer(815301076,1909f56bfc062723c751e8b465ee728b)
Start importing Assets/Scenes/Menu 1.unity using Guid(f96c19fb54fa6ff4699418b39d3cdbf5) Importer(815301076,1909f56bfc062723c751e8b465ee728b)  -> (artifact id: '053bd54111e7791669ad0174f9c057c6') in 0.002592 seconds
  Import took 0.005406 seconds .

========================================================================
Received Import Request.
  Time since last request: 3.671582 seconds.
  path: Assets/Scenes/level1.unity
  artifactKey: Guid(53797b26d23fcec469e254efc8e3d124) Importer(815301076,1909f56bfc062723c751e8b465ee728b)
Start importing Assets/Scenes/level1.unity using Guid(53797b26d23fcec469e254efc8e3d124) Importer(815301076,1909f56bfc062723c751e8b465ee728b)  -> (artifact id: '906854639e5f5c8679d49956e4921a20') in 0.002372 seconds
  Import took 0.005591 seconds .

========================================================================
Received Prepare
Refreshing native plugins compatible for Editor in 1.26 ms, found 1 plugins.
Preloading 0 native plugins for Editor in 0.00 ms.
Unloading 10 Unused Serialized files (Serialized files now loaded: 0)
System memory in use before: 54.4 MB.
System memory in use after: 54.4 MB.

Unloading 10 unused Assets to reduce memory usage. Loaded Objects now: 2336.
Total: 2.041400 ms (FindLiveObjects: 0.196400 ms CreateObjectMapping: 0.061800 ms MarkObjects: 1.676400 ms  DeleteObjects: 0.105500 ms)

========================================================================
Received Import Request.
  Time since last request: 182.183562 seconds.
  path: Assets/Scenes/level2.unity
  artifactKey: Guid(7a93eb5e1956a874da45a87877dd2be1) Importer(815301076,1909f56bfc062723c751e8b465ee728b)
Start importing Assets/Scenes/level2.unity using Guid(7a93eb5e1956a874da45a87877dd2be1) Importer(815301076,1909f56bfc062723c751e8b465ee728b)  -> (artifact id: 'b5c09a888a094f8989659ea9e3a4546c') in 0.002327 seconds
  Import took 0.005478 seconds .

========================================================================
Received Prepare
Registering precompiled user dll's ...
Registered in 0.001111 seconds.
Begin MonoManager ReloadAssembly
Native extension for WindowsStandalone target not found
Native extension for WebGL target not found
Refreshing native plugins compatible for Editor in 0.46 ms, found 1 plugins.
Preloading 0 native plugins for Editor in 0.00 ms.
Invoked RoslynAnalysisRunner static constructor.
RoslynAnalysisRunner will not be running.
RoslynAnalysisRunner has terminated.
Mono: successfully reloaded assembly
- Completed reload, in  0.817 seconds
Platform modules already initialized, skipping
Refreshing native plugins compatible for Editor in 0.32 ms, found 1 plugins.
Preloading 0 native plugins for Editor in 0.00 ms.
Unloading 1851 Unused Serialized files (Serialized files now loaded: 0)
System memory in use before: 90.4 MB.
System memory in use after: 90.3 MB.

Unloading 12 unused Assets to reduce memory usage. Loaded Objects now: 2340.
Total: 1.671700 ms (FindLiveObjects: 0.164600 ms CreateObjectMapping: 0.055900 ms MarkObjects: 1.353100 ms  DeleteObjects: 0.097000 ms)

========================================================================
Received Import Request.
  Time since last request: 3592.678508 seconds.
  path: Assets/Scenes/SampleScene.unity
  artifactKey: Guid(2cda990e2423bbf4892e6590ba056729) Importer(815301076,1909f56bfc062723c751e8b465ee728b)
Start importing Assets/Scenes/SampleScene.unity using Guid(2cda990e2423bbf4892e6590ba056729) Importer(815301076,1909f56bfc062723c751e8b465ee728b)  -> (artifact id: '0a59ef0011206403181b6dace8b464c4') in 0.011923 seconds
  Import took 0.015099 seconds .

========================================================================
Received Import Request.
  Time since last request: 6.322269 seconds.
  path: Assets/Scenes/Menu.unity
  artifactKey: Guid(0c3fc28441549434f927d55d8eebd741) Importer(815301076,1909f56bfc062723c751e8b465ee728b)
Start importing Assets/Scenes/Menu.unity using Guid(0c3fc28441549434f927d55d8eebd741) Importer(815301076,1909f56bfc062723c751e8b465ee728b)  -> (artifact id: '77c38f254f4764edecbc262b20f1ee22') in 0.008251 seconds
  Import took 0.012017 seconds .

========================================================================
Received Import Request.
  Time since last request: 83.125293 seconds.
  path: Assets/TextMesh Pro/Examples & Extras/Textures/Mask Zig-n-Zag.psd
  artifactKey: Guid(bb8dfcd263ad4eb383a33d74a720be6f) Importer(815301076,1909f56bfc062723c751e8b465ee728b)
Start importing Assets/TextMesh Pro/Examples & Extras/Textures/Mask Zig-n-Zag.psd using Guid(bb8dfcd263ad4eb383a33d74a720be6f) Importer(815301076,1909f56bfc062723c751e8b465ee728b)  -> (artifact id: '6e5dddc47cae3ec94061eeb22f6d93ca') in 0.034857 seconds
  Import took 0.038846 seconds .

========================================================================
Received Import Request.
  Time since last request: 0.000157 seconds.
  path: Assets/TextMesh Pro/Examples & Extras/Textures/Small Crate_normal.jpg
  artifactKey: Guid(8878a782f4334ecbbcf683b3ac780966) Importer(815301076,1909f56bfc062723c751e8b465ee728b)
Start importing Assets/TextMesh Pro/Examples & Extras/Textures/Small Crate_normal.jpg using Guid(8878a782f4334ecbbcf683b3ac780966) Importer(815301076,1909f56bfc062723c751e8b465ee728b)  -> (artifact id: 'f10a89215fa8cfef9440e25df3183ed6') in 0.018893 seconds
  Import took 0.021646 seconds .

========================================================================
Received Import Request.
  Time since last request: 0.000156 seconds.
  path: Assets/TextMesh Pro/Examples & Extras/Textures/Mask Zig-n-Zag.psd
  artifactKey: Guid(bb8dfcd263ad4eb383a33d74a720be6f) Importer(815301076,1909f56bfc062723c751e8b465ee728b)
Start importing Assets/TextMesh Pro/Examples & Extras/Textures/Mask Zig-n-Zag.psd using Guid(bb8dfcd263ad4eb383a33d74a720be6f) Importer(815301076,1909f56bfc062723c751e8b465ee728b)  -> (artifact id: '6e5dddc47cae3ec94061eeb22f6d93ca') in 0.004354 seconds
  Import took 0.008101 seconds .

========================================================================
Received Import Request.
  Time since last request: 0.000178 seconds.
  path: Assets/TextMesh Pro/Examples & Extras/Textures/Small Crate_diffuse.jpg
  artifactKey: Guid(602cb87b6a29443b8636370ea0751574) Importer(815301076,1909f56bfc062723c751e8b465ee728b)
Start importing Assets/TextMesh Pro/Examples & Extras/Textures/Small Crate_diffuse.jpg using Guid(602cb87b6a29443b8636370ea0751574) Importer(815301076,1909f56bfc062723c751e8b465ee728b)  -> (artifact id: '5b2e38b391f709098bf2b99833665c1c') in 0.011110 seconds
  Import took 0.014112 seconds .

========================================================================
Received Import Request.
  Time since last request: 0.000137 seconds.
  path: Assets/TextMesh Pro/Examples & Extras/Resources/Fonts & Materials/Roboto-Bold SDF.asset
  artifactKey: Guid(5302535af1044152a457ed104f1f4b91) Importer(815301076,1909f56bfc062723c751e8b465ee728b)
Start importing Assets/TextMesh Pro/Examples & Extras/Resources/Fonts & Materials/Roboto-Bold SDF.asset using Guid(5302535af1044152a457ed104f1f4b91) Importer(815301076,1909f56bfc062723c751e8b465ee728b)  -> (artifact id: 'f633f1e4e2e1750a02a9ddb65943a794') in 0.057276 seconds
  Import took 0.059735 seconds .

========================================================================
Received Import Request.
  Time since last request: 0.000149 seconds.
  path: Assets/TextMesh Pro/Examples & Extras/Resources/Fonts & Materials/Oswald Bold SDF.asset
  artifactKey: Guid(0161d805a3764c089bef00bfe00793f5) Importer(815301076,1909f56bfc062723c751e8b465ee728b)
Start importing Assets/TextMesh Pro/Examples & Extras/Resources/Fonts & Materials/Oswald Bold SDF.asset using Guid(0161d805a3764c089bef00bfe00793f5) Importer(815301076,1909f56bfc062723c751e8b465ee728b)  -> (artifact id: '45f8d51db69a973f4a34ba9346190bad') in 0.015766 seconds
  Import took 0.019660 seconds .

========================================================================
Received Import Request.
  Time since last request: 0.657240 seconds.
  path: Assets/TextMesh Pro/Resources/Fonts & Materials/LiberationSans SDF.asset
  artifactKey: Guid(8f586378b4e144a9851e7b34d9b748ee) Importer(815301076,1909f56bfc062723c751e8b465ee728b)
Start importing Assets/TextMesh Pro/Resources/Fonts & Materials/LiberationSans SDF.asset using Guid(8f586378b4e144a9851e7b34d9b748ee) Importer(815301076,1909f56bfc062723c751e8b465ee728b)  -> (artifact id: '4516a4a0b551868c12f32b4fea893b0c') in 0.033843 seconds
  Import took 0.037405 seconds .

========================================================================
Received Import Request.
  Time since last request: 0.334842 seconds.
  path: Assets/TextMesh Pro/Examples & Extras/Textures/Gradient Vertical (Color).jpg
  artifactKey: Guid(03d0538de6e24c0f819bfc9ce084dfa9) Importer(815301076,1909f56bfc062723c751e8b465ee728b)
Start importing Assets/TextMesh Pro/Examples & Extras/Textures/Gradient Vertical (Color).jpg using Guid(03d0538de6e24c0f819bfc9ce084dfa9) Importer(815301076,1909f56bfc062723c751e8b465ee728b)  -> (artifact id: 'be734db680195eb23ffb55c3f8485488') in 0.007574 seconds
  Import took 0.010482 seconds .

========================================================================
Received Import Request.
  Time since last request: 0.032278 seconds.
  path: Assets/TextMesh Pro/Examples & Extras/Textures/Gradient Diagonal (Color).jpg
  artifactKey: Guid(2ce5c55e85304b819a1826ecbc839aa5) Importer(815301076,1909f56bfc062723c751e8b465ee728b)
Start importing Assets/TextMesh Pro/Examples & Extras/Textures/Gradient Diagonal (Color).jpg using Guid(2ce5c55e85304b819a1826ecbc839aa5) Importer(815301076,1909f56bfc062723c751e8b465ee728b)  -> (artifact id: 'd34075471dc0fde32a2392d529d010be') in 0.006004 seconds
  Import took 0.009034 seconds .

========================================================================
Received Import Request.
  Time since last request: 0.000155 seconds.
  path: Assets/TextMesh Pro/Examples & Extras/Textures/Gradient Horizontal (Color).jpg
  artifactKey: Guid(6eb184de103d4b3f812b38561065192f) Importer(815301076,1909f56bfc062723c751e8b465ee728b)
Start importing Assets/TextMesh Pro/Examples & Extras/Textures/Gradient Horizontal (Color).jpg using Guid(6eb184de103d4b3f812b38561065192f) Importer(815301076,1909f56bfc062723c751e8b465ee728b)  -> (artifact id: '5c5a2fe2ba3d0fe6717c9b663eb80bbc') in 0.007272 seconds
  Import took 0.009969 seconds .

========================================================================
Received Import Request.
  Time since last request: 0.203034 seconds.
  path: Assets/TextMesh Pro/Examples & Extras/Textures/Fruit Jelly (B&W).jpg
  artifactKey: Guid(1cdc5b506b1a4a33a53c30669ced1f51) Importer(815301076,1909f56bfc062723c751e8b465ee728b)
Start importing Assets/TextMesh Pro/Examples & Extras/Textures/Fruit Jelly (B&W).jpg using Guid(1cdc5b506b1a4a33a53c30669ced1f51) Importer(815301076,1909f56bfc062723c751e8b465ee728b)  -> (artifact id: '71ac69b4d60bf3e0ba04030d597757fd') in 0.011499 seconds
  Import took 0.014776 seconds .

========================================================================
Received Import Request.
  Time since last request: 0.000152 seconds.
  path: Assets/TextMesh Pro/Examples & Extras/Fonts/Anton.ttf
  artifactKey: Guid(997a43b767814dd0a7642ec9b78cba41) Importer(815301076,1909f56bfc062723c751e8b465ee728b)
Start importing Assets/TextMesh Pro/Examples & Extras/Fonts/Anton.ttf using Guid(997a43b767814dd0a7642ec9b78cba41) Importer(815301076,1909f56bfc062723c751e8b465ee728b)  -> (artifact id: '8b8826aa26cabab967235ef2ee7d9c7d') in 0.015944 seconds
  Import took 0.018618 seconds .

========================================================================
Received Import Request.
  Time since last request: 0.028291 seconds.
  path: Assets/TextMesh Pro/Examples & Extras/Fonts/Electronic Highway Sign.TTF
  artifactKey: Guid(8a2b9e2a607dd2143b58c44bc32410b4) Importer(815301076,1909f56bfc062723c751e8b465ee728b)
Start importing Assets/TextMesh Pro/Examples & Extras/Fonts/Electronic Highway Sign.TTF using Guid(8a2b9e2a607dd2143b58c44bc32410b4) Importer(815301076,1909f56bfc062723c751e8b465ee728b)  -> (artifact id: '372bfa6b8db93db6e36d972e5fc86823') in 0.012040 seconds
  Import took 0.015048 seconds .

========================================================================
Received Import Request.
  Time since last request: 0.000174 seconds.
  path: Assets/TextMesh Pro/Examples & Extras/Fonts/Bangers.ttf
  artifactKey: Guid(5dd49b3eacc540408c98eee0de38e0f1) Importer(815301076,1909f56bfc062723c751e8b465ee728b)
Start importing Assets/TextMesh Pro/Examples & Extras/Fonts/Bangers.ttf using Guid(5dd49b3eacc540408c98eee0de38e0f1) Importer(815301076,1909f56bfc062723c751e8b465ee728b)  -> (artifact id: '58b23107225318a62dbc8eab2a8deefe') in 0.011055 seconds
  Import took 0.013926 seconds .

========================================================================
Received Import Request.
  Time since last request: 0.032722 seconds.
  path: Assets/TextMesh Pro/Examples & Extras/Textures/Floor Tiles 1 - diffuse.jpg
  artifactKey: Guid(85ac55597b97403c82fc6601a93cf241) Importer(815301076,1909f56bfc062723c751e8b465ee728b)
Start importing Assets/TextMesh Pro/Examples & Extras/Textures/Floor Tiles 1 - diffuse.jpg using Guid(85ac55597b97403c82fc6601a93cf241) Importer(815301076,1909f56bfc062723c751e8b465ee728b)  -> (artifact id: 'bdf5104f5925cf6052ea9676b8239c63') in 0.012117 seconds
  Import took 0.015825 seconds .

========================================================================
Received Import Request.
  Time since last request: 0.124935 seconds.
  path: Assets/TextMesh Pro/Sprites/EmojiOne.png
  artifactKey: Guid(dffef66376be4fa480fb02b19edbe903) Importer(815301076,1909f56bfc062723c751e8b465ee728b)
Start importing Assets/TextMesh Pro/Sprites/EmojiOne.png using Guid(dffef66376be4fa480fb02b19edbe903) Importer(815301076,1909f56bfc062723c751e8b465ee728b)  -> (artifact id: '1a32505b80184763f07d944544d337f6') in 0.010243 seconds
  Import took 0.014379 seconds .

========================================================================
Received Import Request.
  Time since last request: 0.000210 seconds.
  path: Assets/TextMesh Pro/Examples & Extras/Resources/Fonts & Materials/Electronic Highway Sign SDF.asset
  artifactKey: Guid(dc36b3fdc14f47ebb36fd484a67e268a) Importer(815301076,1909f56bfc062723c751e8b465ee728b)
Start importing Assets/TextMesh Pro/Examples & Extras/Resources/Fonts & Materials/Electronic Highway Sign SDF.asset using Guid(dc36b3fdc14f47ebb36fd484a67e268a) Importer(815301076,1909f56bfc062723c751e8b465ee728b)  -> (artifact id: '97d0e0b9ab2f4d3d54ae1631400e2d62') in 0.011928 seconds
  Import took 0.015602 seconds .

========================================================================
Received Import Request.
  Time since last request: 0.000155 seconds.
  path: Assets/TextMesh Pro/Examples & Extras/Sprites/DropCap Numbers.psd
  artifactKey: Guid(fd09957580ac4326916010f1f260975b) Importer(815301076,1909f56bfc062723c751e8b465ee728b)
Start importing Assets/TextMesh Pro/Examples & Extras/Sprites/DropCap Numbers.psd using Guid(fd09957580ac4326916010f1f260975b) Importer(815301076,1909f56bfc062723c751e8b465ee728b)  -> (artifact id: '281c44c66ae06c619c8ab85fafa34ade') in 0.008673 seconds
  Import took 0.012335 seconds .

========================================================================
Received Import Request.
  Time since last request: 0.000157 seconds.
  path: Assets/TextMesh Pro/Examples & Extras/Textures/Floor Cement.jpg
  artifactKey: Guid(283f897e4925411ebbaa758b4cb13fc2) Importer(815301076,1909f56bfc062723c751e8b465ee728b)
Start importing Assets/TextMesh Pro/Examples & Extras/Textures/Floor Cement.jpg using Guid(283f897e4925411ebbaa758b4cb13fc2) Importer(815301076,1909f56bfc062723c751e8b465ee728b)  -> (artifact id: 'c9d5550801fa9635b2ee8d517a4e6ecd') in 0.008150 seconds
  Import took 0.011950 seconds .

========================================================================
Received Import Request.
  Time since last request: 0.013371 seconds.
  path: Assets/TextMesh Pro/Examples & Extras/Textures/Brushed Metal 3.jpg
  artifactKey: Guid(f88677df267a41d6be1e7a6133e7d227) Importer(815301076,1909f56bfc062723c751e8b465ee728b)
Start importing Assets/TextMesh Pro/Examples & Extras/Textures/Brushed Metal 3.jpg using Guid(f88677df267a41d6be1e7a6133e7d227) Importer(815301076,1909f56bfc062723c751e8b465ee728b)  -> (artifact id: 'b7a74e97b3cd464eeaeade6dba76173c') in 0.009340 seconds
  Import took 0.013310 seconds .

========================================================================
Received Import Request.
  Time since last request: 0.000162 seconds.
  path: Assets/TextMesh Pro/Examples & Extras/Sprites/Default Sprites.png
  artifactKey: Guid(a0fc465d6cf04254a2938578735e2383) Importer(815301076,1909f56bfc062723c751e8b465ee728b)
Start importing Assets/TextMesh Pro/Examples & Extras/Sprites/Default Sprites.png using Guid(a0fc465d6cf04254a2938578735e2383) Importer(815301076,1909f56bfc062723c751e8b465ee728b)  -> (artifact id: '89d9a5fc8e78bfd659ea000035e1ed9e') in 0.010063 seconds
  Import took 0.012731 seconds .

========================================================================
Received Import Request.
  Time since last request: 0.151749 seconds.
  path: Assets/TextMesh Pro/Examples & Extras/Resources/Fonts & Materials/Bangers SDF.asset
  artifactKey: Guid(125cb55b44b24c4393181402bc6200e6) Importer(815301076,1909f56bfc062723c751e8b465ee728b)
Start importing Assets/TextMesh Pro/Examples & Extras/Resources/Fonts & Materials/Bangers SDF.asset using Guid(125cb55b44b24c4393181402bc6200e6) Importer(815301076,1909f56bfc062723c751e8b465ee728b)  -> (artifact id: '8ad24ae1f35ab42f47e12bc6ad75dee7') in 0.013699 seconds
  Import took 0.016528 seconds .

========================================================================
Received Import Request.
  Time since last request: 0.034221 seconds.
  path: Assets/TextMesh Pro/Examples & Extras/Resources/Fonts & Materials/Anton SDF.asset
  artifactKey: Guid(8a89fa14b10d46a99122fd4f73fca9a2) Importer(815301076,1909f56bfc062723c751e8b465ee728b)
Start importing Assets/TextMesh Pro/Examples & Extras/Resources/Fonts & Materials/Anton SDF.asset using Guid(8a89fa14b10d46a99122fd4f73fca9a2) Importer(815301076,1909f56bfc062723c751e8b465ee728b)  -> (artifact id: '0e648bca7cbde42d62dc5cb3cb9b5810') in 0.009591 seconds
  Import took 0.012633 seconds .

========================================================================
Received Import Request.
  Time since last request: 0.001673 seconds.
  path: Assets/TextMesh Pro/Examples & Extras/Resources/Fonts & Materials/Anton SDF.asset
  artifactKey: Guid(8a89fa14b10d46a99122fd4f73fca9a2) Importer(815301076,1909f56bfc062723c751e8b465ee728b)
Start importing Assets/TextMesh Pro/Examples & Extras/Resources/Fonts & Materials/Anton SDF.asset using Guid(8a89fa14b10d46a99122fd4f73fca9a2) Importer(815301076,1909f56bfc062723c751e8b465ee728b)  -> (artifact id: '0e648bca7cbde42d62dc5cb3cb9b5810') in 0.006687 seconds
  Import took 0.009791 seconds .

========================================================================
Received Prepare
Refreshing native plugins compatible for Editor in 1.29 ms, found 1 plugins.
Preloading 0 native plugins for Editor in 0.00 ms.
Unloading 10 Unused Serialized files (Serialized files now loaded: 0)
System memory in use before: 55.2 MB.
System memory in use after: 55.2 MB.

Unloading 10 unused Assets to reduce memory usage. Loaded Objects now: 2382.
Total: 2.065600 ms (FindLiveObjects: 0.270500 ms CreateObjectMapping: 0.065300 ms MarkObjects: 1.632400 ms  DeleteObjects: 0.096300 ms)

========================================================================
Received Prepare
Refreshing native plugins compatible for Editor in 1.13 ms, found 1 plugins.
Preloading 0 native plugins for Editor in 0.00 ms.
Unloading 10 Unused Serialized files (Serialized files now loaded: 0)
System memory in use before: 55.2 MB.
System memory in use after: 55.2 MB.

Unloading 10 unused Assets to reduce memory usage. Loaded Objects now: 2382.
Total: 3.900700 ms (FindLiveObjects: 0.302700 ms CreateObjectMapping: 0.078600 ms MarkObjects: 3.403400 ms  DeleteObjects: 0.114100 ms)

========================================================================
Received Prepare
Refreshing native plugins compatible for Editor in 1.08 ms, found 1 plugins.
Preloading 0 native plugins for Editor in 0.00 ms.
Unloading 10 Unused Serialized files (Serialized files now loaded: 0)
System memory in use before: 55.2 MB.
System memory in use after: 55.2 MB.

Unloading 10 unused Assets to reduce memory usage. Loaded Objects now: 2382.
Total: 3.185700 ms (FindLiveObjects: 0.501600 ms CreateObjectMapping: 0.124600 ms MarkObjects: 2.451100 ms  DeleteObjects: 0.106500 ms)

========================================================================
Received Import Request.
  Time since last request: 1396.115387 seconds.
  path: Assets
  artifactKey: Guid(00000000000000001000000000000000) Importer(815301076,1909f56bfc062723c751e8b465ee728b)
Start importing Assets using Guid(00000000000000001000000000000000) Importer(815301076,1909f56bfc062723c751e8b465ee728b)  -> (artifact id: 'b2e0e235c0f4af3754229b664788db90') in 0.005194 seconds
  Import took 0.009264 seconds .

========================================================================
Received Import Request.
  Time since last request: 17.578735 seconds.
  path: Assets/Scenes/level1.unity
  artifactKey: Guid(53797b26d23fcec469e254efc8e3d124) Importer(815301076,1909f56bfc062723c751e8b465ee728b)
Start importing Assets/Scenes/level1.unity using Guid(53797b26d23fcec469e254efc8e3d124) Importer(815301076,1909f56bfc062723c751e8b465ee728b)  -> (artifact id: 'be11d41dc82269c03e2aead715e1215f') in 0.005506 seconds
  Import took 0.009224 seconds .

========================================================================
Received Import Request.
  Time since last request: 7.621577 seconds.
  path: Assets/Player.prefab
  artifactKey: Guid(0f51eea5b3ac06a4e8a8582e0a7ad08f) Importer(815301076,1909f56bfc062723c751e8b465ee728b)
Start importing Assets/Player.prefab using Guid(0f51eea5b3ac06a4e8a8582e0a7ad08f) Importer(815301076,1909f56bfc062723c751e8b465ee728b)  -> (artifact id: '10a870419a7b8706b2ed8905fa868ca5') in 0.026347 seconds
  Import took 0.030414 seconds .

========================================================================
Received Import Request.
  Time since last request: 0.012011 seconds.
  path: Assets/Player.prefab
  artifactKey: Guid(0f51eea5b3ac06a4e8a8582e0a7ad08f) Importer(815301076,1909f56bfc062723c751e8b465ee728b)
Start importing Assets/Player.prefab using Guid(0f51eea5b3ac06a4e8a8582e0a7ad08f) Importer(815301076,1909f56bfc062723c751e8b465ee728b)  -> (artifact id: '10a870419a7b8706b2ed8905fa868ca5') in 0.006291 seconds
  Import took 0.009666 seconds .

========================================================================
Received Import Request.
  Time since last request: 30.376258 seconds.
  path: Assets/endgame.cs
  artifactKey: Guid(8596d9cbdaf0f2349b79b9763459773f) Importer(815301076,1909f56bfc062723c751e8b465ee728b)
Start importing Assets/endgame.cs using Guid(8596d9cbdaf0f2349b79b9763459773f) Importer(815301076,1909f56bfc062723c751e8b465ee728b)  -> (artifact id: '81d1324f803d0276b00e0c4760b76118') in 0.007775 seconds
  Import took 0.010481 seconds .

========================================================================
Received Prepare
Registering precompiled user dll's ...
Registered in 0.000691 seconds.
Begin MonoManager ReloadAssembly
Native extension for WindowsStandalone target not found
Native extension for WebGL target not found
Refreshing native plugins compatible for Editor in 0.34 ms, found 1 plugins.
Preloading 0 native plugins for Editor in 0.00 ms.
Invoked RoslynAnalysisRunner static constructor.
RoslynAnalysisRunner will not be running.
RoslynAnalysisRunner has terminated.
Mono: successfully reloaded assembly
- Completed reload, in  0.823 seconds
Platform modules already initialized, skipping
Refreshing native plugins compatible for Editor in 0.45 ms, found 1 plugins.
Preloading 0 native plugins for Editor in 0.00 ms.
Unloading 1852 Unused Serialized files (Serialized files now loaded: 0)
System memory in use before: 90.9 MB.
System memory in use after: 90.9 MB.

Unloading 12 unused Assets to reduce memory usage. Loaded Objects now: 2387.
Total: 2.013200 ms (FindLiveObjects: 0.327800 ms CreateObjectMapping: 0.131000 ms MarkObjects: 1.460000 ms  DeleteObjects: 0.093300 ms)

========================================================================
Received Import Request.
  Time since last request: 18.154602 seconds.
  path: Assets/Player.prefab
  artifactKey: Guid(0f51eea5b3ac06a4e8a8582e0a7ad08f) Importer(815301076,1909f56bfc062723c751e8b465ee728b)
Start importing Assets/Player.prefab using Guid(0f51eea5b3ac06a4e8a8582e0a7ad08f) Importer(815301076,1909f56bfc062723c751e8b465ee728b)  -> (artifact id: '4e515fe2ad13301a77e47131a4a4e180') in 0.054410 seconds
  Import took 0.058482 seconds .

========================================================================
Received Import Request.
  Time since last request: 180.037893 seconds.
  path: Assets/nextlevel.cs
  artifactKey: Guid(ce3c865075429e8489a5130a565e8e9a) Importer(815301076,1909f56bfc062723c751e8b465ee728b)
Start importing Assets/nextlevel.cs using Guid(ce3c865075429e8489a5130a565e8e9a) Importer(815301076,1909f56bfc062723c751e8b465ee728b)  -> (artifact id: '2aedb22cee2f8b72dbdedc54504a3a2b') in 0.006131 seconds
  Import took 0.010549 seconds .

========================================================================
Received Prepare
Registering precompiled user dll's ...
Registered in 0.000735 seconds.
Begin MonoManager ReloadAssembly
Native extension for WindowsStandalone target not found
Native extension for WebGL target not found
Refreshing native plugins compatible for Editor in 0.53 ms, found 1 plugins.
Preloading 0 native plugins for Editor in 0.00 ms.
Invoked RoslynAnalysisRunner static constructor.
RoslynAnalysisRunner will not be running.
RoslynAnalysisRunner has terminated.
Mono: successfully reloaded assembly
- Completed reload, in  0.795 seconds
Platform modules already initialized, skipping
Refreshing native plugins compatible for Editor in 0.32 ms, found 1 plugins.
Preloading 0 native plugins for Editor in 0.00 ms.
Unloading 1852 Unused Serialized files (Serialized files now loaded: 0)
System memory in use before: 90.9 MB.
System memory in use after: 90.9 MB.

Unloading 12 unused Assets to reduce memory usage. Loaded Objects now: 2392.
Total: 2.498500 ms (FindLiveObjects: 0.516400 ms CreateObjectMapping: 0.167700 ms MarkObjects: 1.706600 ms  DeleteObjects: 0.106300 ms)

========================================================================
Received Prepare
Registering precompiled user dll's ...
Registered in 0.000960 seconds.
Begin MonoManager ReloadAssembly
Native extension for WindowsStandalone target not found
Native extension for WebGL target not found
Refreshing native plugins compatible for Editor in 0.35 ms, found 1 plugins.
Preloading 0 native plugins for Editor in 0.00 ms.
Invoked RoslynAnalysisRunner static constructor.
RoslynAnalysisRunner will not be running.
RoslynAnalysisRunner has terminated.
Mono: successfully reloaded assembly
- Completed reload, in  0.785 seconds
Platform modules already initialized, skipping
Refreshing native plugins compatible for Editor in 0.35 ms, found 1 plugins.
Preloading 0 native plugins for Editor in 0.00 ms.
Unloading 1852 Unused Serialized files (Serialized files now loaded: 0)
System memory in use before: 90.9 MB.
System memory in use after: 90.9 MB.

Unloading 12 unused Assets to reduce memory usage. Loaded Objects now: 2396.
Total: 2.082300 ms (FindLiveObjects: 0.339600 ms CreateObjectMapping: 0.084500 ms MarkObjects: 1.557100 ms  DeleteObjects: 0.099800 ms)

========================================================================
Received Import Request.
  Time since last request: 82.770860 seconds.
  path: Assets/Scenes/level1.unity
  artifactKey: Guid(53797b26d23fcec469e254efc8e3d124) Importer(815301076,1909f56bfc062723c751e8b465ee728b)
Start importing Assets/Scenes/level1.unity using Guid(53797b26d23fcec469e254efc8e3d124) Importer(815301076,1909f56bfc062723c751e8b465ee728b)  -> (artifact id: 'b68a4d30d9a12ea85bf7c16fe2e6d0cb') in 0.008702 seconds
  Import took 0.011688 seconds .

========================================================================
Received Import Request.
  Time since last request: 30.230806 seconds.
  path: Assets/Scenes/Toutorial.unity
  artifactKey: Guid(af78b0ab642949f4681f28921a01711d) Importer(815301076,1909f56bfc062723c751e8b465ee728b)
Start importing Assets/Scenes/Toutorial.unity using Guid(af78b0ab642949f4681f28921a01711d) Importer(815301076,1909f56bfc062723c751e8b465ee728b)  -> (artifact id: 'c07ac9def052c6480ce4808a305dd8cf') in 0.001894 seconds
  Import took 0.004925 seconds .

========================================================================
Received Import Request.
  Time since last request: 0.000212 seconds.
  path: Assets/Scenes/Toutorial.unity
  artifactKey: Guid(af78b0ab642949f4681f28921a01711d) Importer(815301076,1909f56bfc062723c751e8b465ee728b)
Start importing Assets/Scenes/Toutorial.unity using Guid(af78b0ab642949f4681f28921a01711d) Importer(815301076,1909f56bfc062723c751e8b465ee728b)  -> (artifact id: 'c07ac9def052c6480ce4808a305dd8cf') in 0.001924 seconds
  Import took 0.004372 seconds .

========================================================================
Received Prepare
Registering precompiled user dll's ...
Registered in 0.000708 seconds.
Begin MonoManager ReloadAssembly
Native extension for WindowsStandalone target not found
Native extension for WebGL target not found
Refreshing native plugins compatible for Editor in 0.32 ms, found 1 plugins.
Preloading 0 native plugins for Editor in 0.00 ms.
Invoked RoslynAnalysisRunner static constructor.
RoslynAnalysisRunner will not be running.
RoslynAnalysisRunner has terminated.
Mono: successfully reloaded assembly
- Completed reload, in  0.830 seconds
Platform modules already initialized, skipping
Refreshing native plugins compatible for Editor in 0.44 ms, found 1 plugins.
Preloading 0 native plugins for Editor in 0.00 ms.
Unloading 1852 Unused Serialized files (Serialized files now loaded: 0)
System memory in use before: 91.0 MB.
System memory in use after: 90.9 MB.

Unloading 12 unused Assets to reduce memory usage. Loaded Objects now: 2400.
Total: 1.892600 ms (FindLiveObjects: 0.304200 ms CreateObjectMapping: 0.096500 ms MarkObjects: 1.354400 ms  DeleteObjects: 0.136300 ms)

========================================================================
Received Prepare
Registering precompiled user dll's ...
Registered in 0.001268 seconds.
Begin MonoManager ReloadAssembly
Native extension for WindowsStandalone target not found
Native extension for WebGL target not found
Refreshing native plugins compatible for Editor in 0.32 ms, found 1 plugins.
Preloading 0 native plugins for Editor in 0.00 ms.
Invoked RoslynAnalysisRunner static constructor.
RoslynAnalysisRunner will not be running.
RoslynAnalysisRunner has terminated.
Mono: successfully reloaded assembly
- Completed reload, in  0.835 seconds
Platform modules already initialized, skipping
Refreshing native plugins compatible for Editor in 0.33 ms, found 1 plugins.
Preloading 0 native plugins for Editor in 0.00 ms.
Unloading 1852 Unused Serialized files (Serialized files now loaded: 0)
System memory in use before: 91.0 MB.
System memory in use after: 90.9 MB.

Unloading 12 unused Assets to reduce memory usage. Loaded Objects now: 2404.
Total: 1.819300 ms (FindLiveObjects: 0.276200 ms CreateObjectMapping: 0.068900 ms MarkObjects: 1.366800 ms  DeleteObjects: 0.106200 ms)

========================================================================
Received Prepare
Registering precompiled user dll's ...
Registered in 0.000693 seconds.
Begin MonoManager ReloadAssembly
Native extension for WindowsStandalone target not found
Native extension for WebGL target not found
Refreshing native plugins compatible for Editor in 0.57 ms, found 1 plugins.
Preloading 0 native plugins for Editor in 0.00 ms.
Invoked RoslynAnalysisRunner static constructor.
RoslynAnalysisRunner will not be running.
RoslynAnalysisRunner has terminated.
Mono: successfully reloaded assembly
- Completed reload, in  0.879 seconds
Platform modules already initialized, skipping
Refreshing native plugins compatible for Editor in 0.33 ms, found 1 plugins.
Preloading 0 native plugins for Editor in 0.00 ms.
Unloading 1852 Unused Serialized files (Serialized files now loaded: 0)
System memory in use before: 91.0 MB.
System memory in use after: 90.9 MB.

Unloading 12 unused Assets to reduce memory usage. Loaded Objects now: 2408.
Total: 1.732600 ms (FindLiveObjects: 0.206500 ms CreateObjectMapping: 0.059400 ms MarkObjects: 1.368600 ms  DeleteObjects: 0.096900 ms)

========================================================================
Received Prepare
Registering precompiled user dll's ...
Registered in 0.000785 seconds.
Begin MonoManager ReloadAssembly
Native extension for WindowsStandalone target not found
Native extension for WebGL target not found
Refreshing native plugins compatible for Editor in 0.33 ms, found 1 plugins.
Preloading 0 native plugins for Editor in 0.00 ms.
Invoked RoslynAnalysisRunner static constructor.
RoslynAnalysisRunner will not be running.
RoslynAnalysisRunner has terminated.
Mono: successfully reloaded assembly
- Completed reload, in  0.842 seconds
Platform modules already initialized, skipping
Refreshing native plugins compatible for Editor in 0.33 ms, found 1 plugins.
Preloading 0 native plugins for Editor in 0.00 ms.
Unloading 1852 Unused Serialized files (Serialized files now loaded: 0)
System memory in use before: 91.0 MB.
System memory in use after: 91.0 MB.

Unloading 12 unused Assets to reduce memory usage. Loaded Objects now: 2412.
Total: 1.947200 ms (FindLiveObjects: 0.259500 ms CreateObjectMapping: 0.066600 ms MarkObjects: 1.498500 ms  DeleteObjects: 0.121300 ms)

========================================================================
Received Prepare
Registering precompiled user dll's ...
Registered in 0.000905 seconds.
Begin MonoManager ReloadAssembly
Native extension for WindowsStandalone target not found
Native extension for WebGL target not found
Refreshing native plugins compatible for Editor in 0.53 ms, found 1 plugins.
Preloading 0 native plugins for Editor in 0.00 ms.
Invoked RoslynAnalysisRunner static constructor.
RoslynAnalysisRunner will not be running.
RoslynAnalysisRunner has terminated.
Mono: successfully reloaded assembly
- Completed reload, in  0.843 seconds
Platform modules already initialized, skipping
Refreshing native plugins compatible for Editor in 0.34 ms, found 1 plugins.
Preloading 0 native plugins for Editor in 0.00 ms.
Unloading 1852 Unused Serialized files (Serialized files now loaded: 0)
System memory in use before: 91.0 MB.
System memory in use after: 91.0 MB.

Unloading 12 unused Assets to reduce memory usage. Loaded Objects now: 2416.
Total: 1.893200 ms (FindLiveObjects: 0.228700 ms CreateObjectMapping: 0.073100 ms MarkObjects: 1.420100 ms  DeleteObjects: 0.169300 ms)

========================================================================
Received Prepare
Registering precompiled user dll's ...
Registered in 0.000713 seconds.
Begin MonoManager ReloadAssembly
Native extension for WindowsStandalone target not found
Native extension for WebGL target not found
Refreshing native plugins compatible for Editor in 0.67 ms, found 1 plugins.
Preloading 0 native plugins for Editor in 0.00 ms.
Invoked RoslynAnalysisRunner static constructor.
RoslynAnalysisRunner will not be running.
RoslynAnalysisRunner has terminated.
Mono: successfully reloaded assembly
- Completed reload, in  0.830 seconds
Platform modules already initialized, skipping
Refreshing native plugins compatible for Editor in 0.32 ms, found 1 plugins.
Preloading 0 native plugins for Editor in 0.00 ms.
Unloading 1852 Unused Serialized files (Serialized files now loaded: 0)
System memory in use before: 91.0 MB.
System memory in use after: 91.0 MB.

Unloading 12 unused Assets to reduce memory usage. Loaded Objects now: 2420.
Total: 2.307000 ms (FindLiveObjects: 0.194700 ms CreateObjectMapping: 0.071100 ms MarkObjects: 1.939500 ms  DeleteObjects: 0.100500 ms)

========================================================================
Received Prepare
Registering precompiled user dll's ...
Registered in 0.000762 seconds.
Begin MonoManager ReloadAssembly
Native extension for WindowsStandalone target not found
Native extension for WebGL target not found
Refreshing native plugins compatible for Editor in 0.48 ms, found 1 plugins.
Preloading 0 native plugins for Editor in 0.00 ms.
Invoked RoslynAnalysisRunner static constructor.
RoslynAnalysisRunner will not be running.
RoslynAnalysisRunner has terminated.
Mono: successfully reloaded assembly
- Completed reload, in  0.831 seconds
Platform modules already initialized, skipping
Refreshing native plugins compatible for Editor in 0.51 ms, found 1 plugins.
Preloading 0 native plugins for Editor in 0.00 ms.
Unloading 1852 Unused Serialized files (Serialized files now loaded: 0)
System memory in use before: 91.0 MB.
System memory in use after: 91.0 MB.

Unloading 12 unused Assets to reduce memory usage. Loaded Objects now: 2424.
Total: 1.624500 ms (FindLiveObjects: 0.177700 ms CreateObjectMapping: 0.059400 ms MarkObjects: 1.291400 ms  DeleteObjects: 0.094900 ms)

========================================================================
Received Prepare
Refreshing native plugins compatible for Editor in 1.53 ms, found 1 plugins.
Preloading 0 native plugins for Editor in 0.00 ms.
Unloading 10 Unused Serialized files (Serialized files now loaded: 0)
System memory in use before: 54.6 MB.
System memory in use after: 54.6 MB.

Unloading 10 unused Assets to reduce memory usage. Loaded Objects now: 2424.
Total: 2.249200 ms (FindLiveObjects: 0.278400 ms CreateObjectMapping: 0.084800 ms MarkObjects: 1.781200 ms  DeleteObjects: 0.102800 ms)

========================================================================
Received Import Request.
  Time since last request: 1018.255423 seconds.
  path: Assets/Scenes/Toutorial.unity
  artifactKey: Guid(af78b0ab642949f4681f28921a01711d) Importer(815301076,1909f56bfc062723c751e8b465ee728b)
Start importing Assets/Scenes/Toutorial.unity using Guid(af78b0ab642949f4681f28921a01711d) Importer(815301076,1909f56bfc062723c751e8b465ee728b)  -> (artifact id: '6bbd1715b329908e4fadcdd87ed0dae3') in 0.011552 seconds
  Import took 0.014892 seconds .

========================================================================
Received Prepare
Registering precompiled user dll's ...
Registered in 0.000711 seconds.
Begin MonoManager ReloadAssembly
Native extension for WindowsStandalone target not found
Native extension for WebGL target not found
Refreshing native plugins compatible for Editor in 0.37 ms, found 1 plugins.
Preloading 0 native plugins for Editor in 0.00 ms.
Invoked RoslynAnalysisRunner static constructor.
RoslynAnalysisRunner will not be running.
RoslynAnalysisRunner has terminated.
Mono: successfully reloaded assembly
- Completed reload, in  0.802 seconds
Platform modules already initialized, skipping
Refreshing native plugins compatible for Editor in 0.32 ms, found 1 plugins.
Preloading 0 native plugins for Editor in 0.00 ms.
Unloading 1852 Unused Serialized files (Serialized files now loaded: 0)
System memory in use before: 91.0 MB.
System memory in use after: 91.0 MB.

Unloading 12 unused Assets to reduce memory usage. Loaded Objects now: 2428.
Total: 1.729800 ms (FindLiveObjects: 0.188600 ms CreateObjectMapping: 0.065100 ms MarkObjects: 1.368300 ms  DeleteObjects: 0.106700 ms)

========================================================================
Received Import Request.
  Time since last request: 61.545624 seconds.
  path: Assets/bullet 1 1.prefab
  artifactKey: Guid(ae83511262448ec4bba26a9f893b282b) Importer(815301076,1909f56bfc062723c751e8b465ee728b)
Start importing Assets/bullet 1 1.prefab using Guid(ae83511262448ec4bba26a9f893b282b) Importer(815301076,1909f56bfc062723c751e8b465ee728b)  -> (artifact id: '416ef7a8196489dba590104e81aec729') in 0.046112 seconds
  Import took 0.049095 seconds .

========================================================================
Received Import Request.
  Time since last request: 6.762628 seconds.
  path: Assets/bullet 1 1.prefab
  artifactKey: Guid(ae83511262448ec4bba26a9f893b282b) Importer(815301076,1909f56bfc062723c751e8b465ee728b)
Start importing Assets/bullet 1 1.prefab using Guid(ae83511262448ec4bba26a9f893b282b) Importer(815301076,1909f56bfc062723c751e8b465ee728b)  -> (artifact id: 'e094c5abd1692eef57e58431a591d5d7') in 0.006749 seconds
  Import took 0.010589 seconds .

========================================================================
Received Import Request.
  Time since last request: 61.426927 seconds.
  path: Assets/bullet 1 2.prefab
  artifactKey: Guid(9a3ebdef8468f4e47950adb0b5c728cc) Importer(815301076,1909f56bfc062723c751e8b465ee728b)
Start importing Assets/bullet 1 2.prefab using Guid(9a3ebdef8468f4e47950adb0b5c728cc) Importer(815301076,1909f56bfc062723c751e8b465ee728b)  -> (artifact id: 'f0a5bf7dccb8c9939738eded2fe268d7') in 0.008880 seconds
  Import took 0.011911 seconds .

========================================================================
Received Import Request.
  Time since last request: 4.853741 seconds.
  path: Assets/bullet 1 3.prefab
  artifactKey: Guid(d1c68b1ee4de06e4ea1189f2f21d2857) Importer(815301076,1909f56bfc062723c751e8b465ee728b)
Start importing Assets/bullet 1 3.prefab using Guid(d1c68b1ee4de06e4ea1189f2f21d2857) Importer(815301076,1909f56bfc062723c751e8b465ee728b)  -> (artifact id: 'dacc13bf3e1f7a0ba8b09330abcacbf9') in 0.008555 seconds
  Import took 0.011374 seconds .

========================================================================
Received Import Request.
  Time since last request: 7.503992 seconds.
  path: Assets/enemybuttlet.prefab
  artifactKey: Guid(fe846414a489d5c4eb76304d812de0c4) Importer(815301076,1909f56bfc062723c751e8b465ee728b)
Start importing Assets/enemybuttlet.prefab using Guid(fe846414a489d5c4eb76304d812de0c4) Importer(815301076,1909f56bfc062723c751e8b465ee728b)  -> (artifact id: '919009848b9b0797edd0c60d30d071dd') in 0.010911 seconds
  Import took 0.015529 seconds .

========================================================================
Received Prepare
Registering precompiled user dll's ...
Registered in 0.000761 seconds.
Begin MonoManager ReloadAssembly
Native extension for WindowsStandalone target not found
Native extension for WebGL target not found
Refreshing native plugins compatible for Editor in 0.32 ms, found 1 plugins.
Preloading 0 native plugins for Editor in 0.00 ms.
Invoked RoslynAnalysisRunner static constructor.
RoslynAnalysisRunner will not be running.
RoslynAnalysisRunner has terminated.
Mono: successfully reloaded assembly
- Completed reload, in  0.789 seconds
Platform modules already initialized, skipping
Refreshing native plugins compatible for Editor in 0.34 ms, found 1 plugins.
Preloading 0 native plugins for Editor in 0.00 ms.
Unloading 1852 Unused Serialized files (Serialized files now loaded: 0)
System memory in use before: 91.0 MB.
System memory in use after: 91.0 MB.

Unloading 12 unused Assets to reduce memory usage. Loaded Objects now: 2433.
Total: 1.800500 ms (FindLiveObjects: 0.182700 ms CreateObjectMapping: 0.052700 ms MarkObjects: 1.459300 ms  DeleteObjects: 0.104500 ms)

========================================================================
Received Import Request.
  Time since last request: 29.534996 seconds.
  path: Assets/bullet 1 1.prefab
  artifactKey: Guid(ae83511262448ec4bba26a9f893b282b) Importer(815301076,1909f56bfc062723c751e8b465ee728b)
Start importing Assets/bullet 1 1.prefab using Guid(ae83511262448ec4bba26a9f893b282b) Importer(815301076,1909f56bfc062723c751e8b465ee728b)  -> (artifact id: '28768b8824a84b22cee0e7af4a1116fa') in 0.059888 seconds
  Import took 0.062942 seconds .

========================================================================
Received Import Request.
  Time since last request: 2.262932 seconds.
  path: Assets/bullet 1 2.prefab
  artifactKey: Guid(9a3ebdef8468f4e47950adb0b5c728cc) Importer(815301076,1909f56bfc062723c751e8b465ee728b)
Start importing Assets/bullet 1 2.prefab using Guid(9a3ebdef8468f4e47950adb0b5c728cc) Importer(815301076,1909f56bfc062723c751e8b465ee728b)  -> (artifact id: '3fa49c2f80474ebdfe70490045acbfe4') in 0.009312 seconds
  Import took 0.012014 seconds .

========================================================================
Received Import Request.
  Time since last request: 4.496191 seconds.
  path: Assets/bullet 1 3.prefab
  artifactKey: Guid(d1c68b1ee4de06e4ea1189f2f21d2857) Importer(815301076,1909f56bfc062723c751e8b465ee728b)
Start importing Assets/bullet 1 3.prefab using Guid(d1c68b1ee4de06e4ea1189f2f21d2857) Importer(815301076,1909f56bfc062723c751e8b465ee728b)  -> (artifact id: '82281ad0682e763f1d97d9500ee9caee') in 0.013393 seconds
  Import took 0.017920 seconds .

========================================================================
Received Import Request.
  Time since last request: 6.336586 seconds.
  path: Assets/enemybuttlet.prefab
  artifactKey: Guid(fe846414a489d5c4eb76304d812de0c4) Importer(815301076,1909f56bfc062723c751e8b465ee728b)
Start importing Assets/enemybuttlet.prefab using Guid(fe846414a489d5c4eb76304d812de0c4) Importer(815301076,1909f56bfc062723c751e8b465ee728b)  -> (artifact id: 'a5e4b4bfc03502d36a91c4bc12b828e0') in 0.008423 seconds
  Import took 0.012843 seconds .

========================================================================
Received Prepare
Registering precompiled user dll's ...
Registered in 0.000967 seconds.
Begin MonoManager ReloadAssembly
Native extension for WindowsStandalone target not found
Native extension for WebGL target not found
Refreshing native plugins compatible for Editor in 0.70 ms, found 1 plugins.
Preloading 0 native plugins for Editor in 0.00 ms.
Invoked RoslynAnalysisRunner static constructor.
RoslynAnalysisRunner will not be running.
RoslynAnalysisRunner has terminated.
Mono: successfully reloaded assembly
- Completed reload, in  0.814 seconds
Platform modules already initialized, skipping
Refreshing native plugins compatible for Editor in 0.36 ms, found 1 plugins.
Preloading 0 native plugins for Editor in 0.00 ms.
Unloading 1852 Unused Serialized files (Serialized files now loaded: 0)
System memory in use before: 91.1 MB.
System memory in use after: 91.0 MB.

Unloading 12 unused Assets to reduce memory usage. Loaded Objects now: 2438.
Total: 1.749400 ms (FindLiveObjects: 0.182300 ms CreateObjectMapping: 0.061500 ms MarkObjects: 1.399500 ms  DeleteObjects: 0.105200 ms)

========================================================================
Received Import Request.
  Time since last request: 85.199040 seconds.
  path: Assets/Scenes/level2.unity
  artifactKey: Guid(7a93eb5e1956a874da45a87877dd2be1) Importer(815301076,1909f56bfc062723c751e8b465ee728b)
Start importing Assets/Scenes/level2.unity using Guid(7a93eb5e1956a874da45a87877dd2be1) Importer(815301076,1909f56bfc062723c751e8b465ee728b)  -> (artifact id: '0ede9f1d48ca6c80070f1fc912bc0fe0') in 0.015965 seconds
  Import took 0.019026 seconds .

========================================================================
Received Prepare
Registering precompiled user dll's ...
Registered in 0.000772 seconds.
Begin MonoManager ReloadAssembly
Native extension for WindowsStandalone target not found
Native extension for WebGL target not found
Refreshing native plugins compatible for Editor in 0.33 ms, found 1 plugins.
Preloading 0 native plugins for Editor in 0.00 ms.
Invoked RoslynAnalysisRunner static constructor.
RoslynAnalysisRunner will not be running.
RoslynAnalysisRunner has terminated.
Mono: successfully reloaded assembly
- Completed reload, in  2.500 seconds
Platform modules already initialized, skipping
Refreshing native plugins compatible for Editor in 0.32 ms, found 1 plugins.
Preloading 0 native plugins for Editor in 0.00 ms.
Unloading 1852 Unused Serialized files (Serialized files now loaded: 0)
System memory in use before: 91.1 MB.
System memory in use after: 91.1 MB.

Unloading 12 unused Assets to reduce memory usage. Loaded Objects now: 2442.
Total: 3.033800 ms (FindLiveObjects: 0.472300 ms CreateObjectMapping: 0.171800 ms MarkObjects: 2.233700 ms  DeleteObjects: 0.154300 ms)

========================================================================
Received Prepare
Refreshing native plugins compatible for Editor in 1.10 ms, found 1 plugins.
Preloading 0 native plugins for Editor in 0.00 ms.
Unloading 10 Unused Serialized files (Serialized files now loaded: 0)
System memory in use before: 54.7 MB.
System memory in use after: 54.6 MB.

Unloading 10 unused Assets to reduce memory usage. Loaded Objects now: 2442.
Total: 1.969800 ms (FindLiveObjects: 0.322100 ms CreateObjectMapping: 0.105000 ms MarkObjects: 1.392600 ms  DeleteObjects: 0.148700 ms)

AssetImportWorkerClient::OnTransportError - code=2 error=End of file
