Using pre-set license
Built from '2020.3/staging' branch; Version is '2020.3.3f1 (76626098c1c4) revision 7758432'; Using compiler version '192528614'; Build Type 'Release'
OS: 'Windows 10 Pro; OS build 19042.1110; Version 2009; 64bit' Language: 'en' Physical Memory: 32719 MB
BatchMode: 1, IsHumanControllingUs: 0, StartBugReporterOnCrash: 0, Is64bit: 1, IsPro: 0

 COMMAND LINE ARGUMENTS:
C:\Program Files\Unity\Hub\Editor\2020.3.3f1\Editor\Unity.exe
-adb2
-batchMode
-noUpm
-name
AssetImportWorker0
-projectPath
E:/Unity/wase what, want what
-logFile
Logs/AssetImportWorker0.log
-srvPort
57885
Successfully changed project path to: E:/Unity/wase what, want what
E:/Unity/wase what, want what
Using Asset Import Pipeline V2.
Refreshing native plugins compatible for Editor in 28.93 ms, found 1 plugins.
Preloading 0 native plugins for Editor in 0.00 ms.
Initialize engine version: 2020.3.3f1 (76626098c1c4)
[Subsystems] Discovering subsystems at path C:/Program Files/Unity/Hub/Editor/2020.3.3f1/Editor/Data/Resources/UnitySubsystems
[Subsystems] Discovering subsystems at path E:/Unity/wase what, want what/Assets
GfxDevice: creating device client; threaded=0
Direct3D:
    Version:  Direct3D 11.0 [level 11.1]
    Renderer: NVIDIA GeForce RTX 2080 (ID=0x1e87)
    Vendor:   
    VRAM:     8010 MB
    Driver:   27.21.14.6611
Initialize mono
Mono path[0] = 'C:/Program Files/Unity/Hub/Editor/2020.3.3f1/Editor/Data/Managed'
Mono path[1] = 'C:/Program Files/Unity/Hub/Editor/2020.3.3f1/Editor/Data/MonoBleedingEdge/lib/mono/unityjit'
Mono config path = 'C:/Program Files/Unity/Hub/Editor/2020.3.3f1/Editor/Data/MonoBleedingEdge/etc'
Using monoOptions --debugger-agent=transport=dt_socket,embedding=1,server=y,suspend=n,address=127.0.0.1:56136
Begin MonoManager ReloadAssembly
Registering precompiled unity dll's ...
Register platform support module: C:/Program Files/Unity/Hub/Editor/2020.3.3f1/Editor/Data/PlaybackEngines/WebGLSupport/UnityEditor.WebGL.Extensions.dll
Register platform support module: C:/Program Files/Unity/Hub/Editor/2020.3.3f1/Editor/Data/PlaybackEngines/WindowsStandaloneSupport/UnityEditor.WindowsStandalone.Extensions.dll
Registered in 0.001889 seconds.
Native extension for WindowsStandalone target not found
Native extension for WebGL target not found
Refreshing native plugins compatible for Editor in 29.79 ms, found 1 plugins.
Preloading 0 native plugins for Editor in 0.00 ms.
Invoked RoslynAnalysisRunner static constructor.
RoslynAnalysisRunner will not be running.
RoslynAnalysisRunner has terminated.
Mono: successfully reloaded assembly
- Completed reload, in  0.963 seconds
Platform modules already initialized, skipping
Registering precompiled user dll's ...
Registered in 0.000628 seconds.
Begin MonoManager ReloadAssembly
Native extension for WindowsStandalone target not found
Native extension for WebGL target not found
Refreshing native plugins compatible for Editor in 33.79 ms, found 1 plugins.
Preloading 0 native plugins for Editor in 0.00 ms.
Invoked RoslynAnalysisRunner static constructor.
RoslynAnalysisRunner will not be running.
RoslynAnalysisRunner has terminated.
Mono: successfully reloaded assembly
- Completed reload, in  0.773 seconds
Platform modules already initialized, skipping
========================================================================
Worker process is ready to serve import requests
Launched and connected shader compiler UnityShaderCompiler.exe after 0.03 seconds
Refreshing native plugins compatible for Editor in 0.34 ms, found 1 plugins.
Preloading 0 native plugins for Editor in 0.00 ms.
Unloading 1835 Unused Serialized files (Serialized files now loaded: 0)
System memory in use before: 87.7 MB.
System memory in use after: 87.6 MB.

Unloading 24 unused Assets to reduce memory usage. Loaded Objects now: 2281.
Total: 2.722700 ms (FindLiveObjects: 0.284400 ms CreateObjectMapping: 0.107900 ms MarkObjects: 2.168100 ms  DeleteObjects: 0.161000 ms)

========================================================================
Received Import Request.
  path: Assets/blood.png
  artifactKey: Guid(aa8a8e84f60ef2d4395fd4fcd8898a41) Importer(815301076,1909f56bfc062723c751e8b465ee728b)
Start importing Assets/blood.png using Guid(aa8a8e84f60ef2d4395fd4fcd8898a41) Importer(815301076,1909f56bfc062723c751e8b465ee728b)  -> (artifact id: 'df876af80fe38a7d13e0fe8e95b959ae') in 0.076666 seconds
  Import took 0.079415 seconds .

========================================================================
Received Import Request.
  Time since last request: 14.719980 seconds.
  path: Assets/Blood.prefab
  artifactKey: Guid(970f1d8e996609c4f9baf754f85c9f0c) Importer(815301076,1909f56bfc062723c751e8b465ee728b)
Start importing Assets/Blood.prefab using Guid(970f1d8e996609c4f9baf754f85c9f0c) Importer(815301076,1909f56bfc062723c751e8b465ee728b)  -> (artifact id: 'b550b0f28cbfaccbc09d71b794fdec01') in 0.009791 seconds
  Import took 0.012362 seconds .

========================================================================
Received Prepare
Registering precompiled user dll's ...
Registered in 0.000597 seconds.
Begin MonoManager ReloadAssembly
Native extension for WindowsStandalone target not found
Native extension for WebGL target not found
Refreshing native plugins compatible for Editor in 0.66 ms, found 1 plugins.
Preloading 0 native plugins for Editor in 0.00 ms.
Invoked RoslynAnalysisRunner static constructor.
RoslynAnalysisRunner will not be running.
RoslynAnalysisRunner has terminated.
Mono: successfully reloaded assembly
- Completed reload, in  0.769 seconds
Platform modules already initialized, skipping
Refreshing native plugins compatible for Editor in 0.43 ms, found 1 plugins.
Preloading 0 native plugins for Editor in 0.00 ms.
Unloading 1817 Unused Serialized files (Serialized files now loaded: 0)
System memory in use before: 89.4 MB.
System memory in use after: 89.4 MB.

Unloading 12 unused Assets to reduce memory usage. Loaded Objects now: 2291.
Total: 1.945300 ms (FindLiveObjects: 0.187600 ms CreateObjectMapping: 0.066700 ms MarkObjects: 1.593900 ms  DeleteObjects: 0.095700 ms)

========================================================================
Received Import Request.
  Time since last request: 19.337333 seconds.
  path: Assets/blood.png
  artifactKey: Guid(aa8a8e84f60ef2d4395fd4fcd8898a41) Importer(815301076,1909f56bfc062723c751e8b465ee728b)
Start importing Assets/blood.png using Guid(aa8a8e84f60ef2d4395fd4fcd8898a41) Importer(815301076,1909f56bfc062723c751e8b465ee728b)  -> (artifact id: '1da760ac6c4d33ef526844969e213b03') in 0.043254 seconds
  Import took 0.046264 seconds .

========================================================================
Received Prepare
Registering precompiled user dll's ...
Registered in 0.000635 seconds.
Begin MonoManager ReloadAssembly
Native extension for WindowsStandalone target not found
Native extension for WebGL target not found
Refreshing native plugins compatible for Editor in 0.32 ms, found 1 plugins.
Preloading 0 native plugins for Editor in 0.00 ms.
Invoked RoslynAnalysisRunner static constructor.
RoslynAnalysisRunner will not be running.
RoslynAnalysisRunner has terminated.
Mono: successfully reloaded assembly
- Completed reload, in  0.767 seconds
Platform modules already initialized, skipping
Refreshing native plugins compatible for Editor in 0.53 ms, found 1 plugins.
Preloading 0 native plugins for Editor in 0.00 ms.
Unloading 1817 Unused Serialized files (Serialized files now loaded: 0)
System memory in use before: 89.5 MB.
System memory in use after: 89.5 MB.

Unloading 12 unused Assets to reduce memory usage. Loaded Objects now: 2296.
Total: 5.666500 ms (FindLiveObjects: 0.263900 ms CreateObjectMapping: 0.230800 ms MarkObjects: 5.034600 ms  DeleteObjects: 0.135500 ms)

========================================================================
Received Prepare
Refreshing native plugins compatible for Editor in 1.22 ms, found 1 plugins.
Preloading 0 native plugins for Editor in 0.00 ms.
Unloading 10 Unused Serialized files (Serialized files now loaded: 0)
System memory in use before: 53.8 MB.
System memory in use after: 53.7 MB.

Unloading 10 unused Assets to reduce memory usage. Loaded Objects now: 2296.
Total: 1.804200 ms (FindLiveObjects: 0.193800 ms CreateObjectMapping: 0.074100 ms MarkObjects: 1.434100 ms  DeleteObjects: 0.101100 ms)

========================================================================
Received Prepare
Registering precompiled user dll's ...
Registered in 0.000646 seconds.
Begin MonoManager ReloadAssembly
Native extension for WindowsStandalone target not found
Native extension for WebGL target not found
Refreshing native plugins compatible for Editor in 0.34 ms, found 1 plugins.
Preloading 0 native plugins for Editor in 0.00 ms.
Invoked RoslynAnalysisRunner static constructor.
RoslynAnalysisRunner will not be running.
RoslynAnalysisRunner has terminated.
Mono: successfully reloaded assembly
- Completed reload, in  1.891 seconds
Platform modules already initialized, skipping
Refreshing native plugins compatible for Editor in 0.31 ms, found 1 plugins.
Preloading 0 native plugins for Editor in 0.00 ms.
Unloading 1817 Unused Serialized files (Serialized files now loaded: 0)
System memory in use before: 89.5 MB.
System memory in use after: 89.5 MB.

Unloading 12 unused Assets to reduce memory usage. Loaded Objects now: 2300.
Total: 1.867700 ms (FindLiveObjects: 0.226600 ms CreateObjectMapping: 0.057800 ms MarkObjects: 1.478600 ms  DeleteObjects: 0.103400 ms)

========================================================================
Received Prepare
Refreshing native plugins compatible for Editor in 1.07 ms, found 1 plugins.
Preloading 0 native plugins for Editor in 0.00 ms.
Unloading 10 Unused Serialized files (Serialized files now loaded: 0)
System memory in use before: 53.8 MB.
System memory in use after: 53.8 MB.

Unloading 10 unused Assets to reduce memory usage. Loaded Objects now: 2300.
Total: 1.740800 ms (FindLiveObjects: 0.192700 ms CreateObjectMapping: 0.074600 ms MarkObjects: 1.381300 ms  DeleteObjects: 0.091200 ms)

========================================================================
Received Prepare
Refreshing native plugins compatible for Editor in 1.02 ms, found 1 plugins.
Preloading 0 native plugins for Editor in 0.00 ms.
Unloading 10 Unused Serialized files (Serialized files now loaded: 0)
System memory in use before: 53.8 MB.
System memory in use after: 53.7 MB.

Unloading 10 unused Assets to reduce memory usage. Loaded Objects now: 2300.
Total: 1.797500 ms (FindLiveObjects: 0.239500 ms CreateObjectMapping: 0.066400 ms MarkObjects: 1.393600 ms  DeleteObjects: 0.096000 ms)

AssetImportWorkerClient::OnTransportError - code=2 error=End of file
